\BOOKMARK [0][-]{chapter.1}{\376\377\000G\000i\036\333\000i\000\040\000t\000h\000i\036\307\000u\000\040\001\021\036\301\000\040\000t\000\340\000i}{}% 1
\BOOKMARK [1][-]{section.1.1}{\376\377\000X\000\341\000c\000\040\001\021\036\313\000n\000h\000\040\000b\000\340\000i\000\040\000t\000o\000\341\000n}{chapter.1}% 2
\BOOKMARK [2][-]{subsection.1.1.1}{\376\377\000L\000\375\000\040\000d\000o\000\040\000c\000h\036\315\000n\000\040\001\021\036\301\000\040\000t\000\340\000i}{section.1.1}% 3
\BOOKMARK [2][-]{subsection.1.1.2}{\376\377\000P\000h\036\241\000m\000\040\000v\000i\000\040\000b\000\340\000i\000\040\000t\000o\000\341\000n}{section.1.1}% 4
\BOOKMARK [2][-]{subsection.1.1.3}{\376\377\000M\036\345\000c\000\040\000t\000i\000\352\000u\000\040\000h\036\307\000\040\000t\000h\036\321\000n\000g}{section.1.1}% 5
\BOOKMARK [1][-]{section.1.2}{\376\377\000P\000h\000\342\000n\000\040\000t\000\355\000c\000h\000\040\000c\000\341\000c\000\040\000y\000\352\000u\000\040\000c\036\247\000u}{chapter.1}% 6
\BOOKMARK [0][-]{chapter.2}{\376\377\000P\000h\000\342\000n\000\040\000t\000\355\000c\000h\000\040\000t\000h\000i\036\277\000t\000\040\000k\036\277\000\040\000h\036\307\000\040\000t\000h\036\321\000n\000g}{}% 7
\BOOKMARK [1][-]{section.2.1}{\376\377\000K\000h\036\243\000o\000\040\000s\000\341\000t}{chapter.2}% 8
\BOOKMARK [2][-]{subsection.2.1.1}{\376\377\000M\036\345\000c\000\040\000t\000i\000\352\000u\000\040\000k\000h\036\243\000o\000\040\000s\000\341\000t}{section.2.1}% 9
\BOOKMARK [2][-]{subsection.2.1.2}{\376\377\000P\000h\001\260\001\241\000n\000g\000\040\000p\000h\000\341\000p\000\040\000k\000h\036\243\000o\000\040\000s\000\341\000t}{section.2.1}% 10
\BOOKMARK [2][-]{subsection.2.1.3}{\376\377\000K\036\277\000t\000\040\000q\000u\036\243\000\040\000k\000h\036\243\000o\000\040\000s\000\341\000t}{section.2.1}% 11
\BOOKMARK [1][-]{section.2.2}{\376\377\000X\000\342\000y\000\040\000d\036\361\000n\000g\000\040\000b\000i\036\303\000u\000\040\001\021\036\323\000\040\000U\000s\000e\000\040\000C\000a\000s\000e}{chapter.2}% 12
\BOOKMARK [2][-]{subsection.2.2.1}{\376\377\000X\000\341\000c\000\040\001\021\036\313\000n\000h\000\040\000c\000\341\000c\000\040\000U\000s\000e\000\040\000C\000a\000s\000e}{section.2.2}% 13
\BOOKMARK [2][-]{subsection.2.2.2}{\376\377\000B\000i\036\303\000u\000\040\001\021\036\323\000\040\000U\000s\000e\000\040\000C\000a\000s\000e\000\040\000T\036\325\000n\000g\000\040\000q\000u\000a\000n}{section.2.2}% 14
\BOOKMARK [2][-]{subsection.2.2.3}{\376\377\000B\000i\036\303\000u\000\040\001\021\036\323\000\040\000U\000s\000e\000\040\000C\000a\000s\000e\000\040\040\024\000\040\000N\000h\000\363\000m\000\040\000X\000\341\000c\000\040\000t\000h\036\361\000c}{section.2.2}% 15
\BOOKMARK [2][-]{subsection.2.2.4}{\376\377\000B\000i\036\303\000u\000\040\001\021\036\323\000\040\000U\000s\000e\000\040\000C\000a\000s\000e\000\040\040\024\000\040\000N\000h\000\363\000m\000\040\000P\000h\000\362\000n\000g\000\040\000c\000h\001\241\000i}{section.2.2}% 16
\BOOKMARK [2][-]{subsection.2.2.5}{\376\377\000B\000i\036\303\000u\000\040\001\021\036\323\000\040\000U\000s\000e\000\040\000C\000a\000s\000e\000\040\040\024\000\040\000N\000h\000\363\000m\000\040\000X\036\277\000p\000\040\000t\000\340\000u\000\040\000\046\000\040\000T\000r\036\255\000n\000\040\001\021\036\245\000u}{section.2.2}% 17
\BOOKMARK [2][-]{subsection.2.2.6}{\376\377\000B\000i\036\303\000u\000\040\001\021\036\323\000\040\000U\000s\000e\000\040\000C\000a\000s\000e\000\040\040\024\000\040\000N\000h\000\363\000m\000\040\000K\000h\000\341\000n\000\040\000g\000i\036\243}{section.2.2}% 18
\BOOKMARK [2][-]{subsection.2.2.7}{\376\377\000B\000i\036\303\000u\000\040\001\021\036\323\000\040\000U\000s\000e\000\040\000C\000a\000s\000e\000\040\040\024\000\040\000N\000h\000\363\000m\000\040\000C\036\331\000n\000g\000\040\001\021\036\323\000n\000g}{section.2.2}% 19
\BOOKMARK [2][-]{subsection.2.2.8}{\376\377\000B\000i\036\303\000u\000\040\001\021\036\323\000\040\000U\000s\000e\000\040\000C\000a\000s\000e\000\040\040\024\000\040\000N\000h\000\363\000m\000\040\000B\000o\000t\000\040\000\050\000O\000f\000f\000l\000i\000n\000e\000\051}{section.2.2}% 20
